d:\archdrawassist\archdrawassist\archdrawassist\x64\debug\vc140.pdb
d:\archdrawassist\archdrawassist\archdrawassist\x64\debug\texturearea.obj
d:\archdrawassist\archdrawassist\archdrawassist\x64\debug\modelarea.obj
d:\archdrawassist\archdrawassist\archdrawassist\x64\debug\mainwindow.obj
d:\archdrawassist\archdrawassist\archdrawassist\x64\debug\main.obj
d:\archdrawassist\archdrawassist\archdrawassist\x64\debug\priorityqueue.obj
d:\archdrawassist\archdrawassist\archdrawassist\x64\debug\matrix.obj
d:\archdrawassist\archdrawassist\archdrawassist\x64\debug\kdtree_new.obj
d:\archdrawassist\archdrawassist\archdrawassist\x64\debug\kdtree.obj
d:\archdrawassist\archdrawassist\archdrawassist\x64\debug\glmodel.obj
d:\archdrawassist\archdrawassist\archdrawassist\x64\debug\moc_texturearea.obj
d:\archdrawassist\archdrawassist\archdrawassist\x64\debug\moc_modelarea.obj
d:\archdrawassist\archdrawassist\archdrawassist\x64\debug\moc_mainwindow.obj
d:\archdrawassist\archdrawassist\archdrawassist\x64\debug\generaluse.obj
d:\archdrawassist\archdrawassist\archdrawassist\x64\debug\3ddatatype.obj
d:\archdrawassist\archdrawassist\archdrawassist\x64\debug\qrc_mainwindow.obj
d:\archdrawassist\archdrawassist\archdrawassist\generatedfiles\debug\moc_mainwindow.cpp
d:\archdrawassist\archdrawassist\archdrawassist\generatedfiles\ui_mainwindow.h
d:\archdrawassist\archdrawassist\archdrawassist\generatedfiles\debug\moc_modelarea.cpp
d:\archdrawassist\archdrawassist\archdrawassist\generatedfiles\debug\moc_texturearea.cpp
d:\archdrawassist\archdrawassist\archdrawassist\generatedfiles\qrc_mainwindow.cpp
d:\archdrawassist\archdrawassist\x64\debug\archdrawassist.pdb
d:\archdrawassist\archdrawassist\archdrawassist\x64\debug\archdrawassist.tlog\cl.command.1.tlog
d:\archdrawassist\archdrawassist\archdrawassist\x64\debug\archdrawassist.tlog\cl.read.1.tlog
d:\archdrawassist\archdrawassist\archdrawassist\x64\debug\archdrawassist.tlog\cl.write.1.tlog
d:\archdrawassist\archdrawassist\archdrawassist\x64\debug\archdrawassist.tlog\custombuild.command.1.tlog
d:\archdrawassist\archdrawassist\archdrawassist\x64\debug\archdrawassist.tlog\custombuild.read.1.tlog
d:\archdrawassist\archdrawassist\archdrawassist\x64\debug\archdrawassist.tlog\custombuild.write.1.tlog
d:\archdrawassist\archdrawassist\archdrawassist\x64\debug\archdrawassist.tlog\link-cvtres.read.1.tlog
d:\archdrawassist\archdrawassist\archdrawassist\x64\debug\archdrawassist.tlog\link-cvtres.write.1.tlog
d:\archdrawassist\archdrawassist\archdrawassist\x64\debug\archdrawassist.tlog\link-rc.read.1.tlog
d:\archdrawassist\archdrawassist\archdrawassist\x64\debug\archdrawassist.tlog\link-rc.write.1.tlog
d:\archdrawassist\archdrawassist\archdrawassist\x64\debug\archdrawassist.tlog\link.command.1.tlog
d:\archdrawassist\archdrawassist\archdrawassist\x64\debug\archdrawassist.tlog\link.read.1.tlog
d:\archdrawassist\archdrawassist\archdrawassist\x64\debug\archdrawassist.tlog\link.write.1.tlog
